{"/home/maxi/Documentos/source/codecrypto/practice/documentSignStorage/web/src/components/FileSelector.tsx": {"path":"/home/maxi/Documentos/source/codecrypto/practice/documentSignStorage/web/src/components/FileSelector.tsx","statementMap":{"0":{"start":{"line":18,"column":38},"end":{"line":18,"column":53}},"1":{"start":{"line":19,"column":26},"end":{"line":19,"column":53}},"2":{"start":{"line":20,"column":19},"end":{"line":20,"column":49}},"3":{"start":{"line":22,"column":23},"end":{"line":27,"column":3}},"4":{"start":{"line":23,"column":4},"end":{"line":23,"column":23}},"5":{"start":{"line":24,"column":4},"end":{"line":26,"column":5}},"6":{"start":{"line":25,"column":6},"end":{"line":25,"column":37}},"7":{"start":{"line":29,"column":22},"end":{"line":44,"column":3}},"8":{"start":{"line":30,"column":24},"end":{"line":35,"column":6}},"9":{"start":{"line":31,"column":6},"end":{"line":33,"column":7}},"10":{"start":{"line":32,"column":8},"end":{"line":32,"column":55}},"11":{"start":{"line":34,"column":6},"end":{"line":34,"column":32}},"12":{"start":{"line":37,"column":4},"end":{"line":40,"column":5}},"13":{"start":{"line":38,"column":6},"end":{"line":38,"column":80}},"14":{"start":{"line":39,"column":6},"end":{"line":39,"column":13}},"15":{"start":{"line":42,"column":4},"end":{"line":42,"column":18}},"16":{"start":{"line":43,"column":4},"end":{"line":43,"column":23}},"17":{"start":{"line":46,"column":21},"end":{"line":53,"column":3}},"18":{"start":{"line":47,"column":4},"end":{"line":47,"column":23}},"19":{"start":{"line":48,"column":4},"end":{"line":48,"column":24}},"20":{"start":{"line":49,"column":4},"end":{"line":49,"column":25}},"21":{"start":{"line":50,"column":4},"end":{"line":52,"column":5}},"22":{"start":{"line":51,"column":6},"end":{"line":51,"column":43}},"23":{"start":{"line":55,"column":21},"end":{"line":59,"column":3}},"24":{"start":{"line":56,"column":4},"end":{"line":56,"column":23}},"25":{"start":{"line":57,"column":4},"end":{"line":57,"column":24}},"26":{"start":{"line":58,"column":4},"end":{"line":58,"column":24}},"27":{"start":{"line":61,"column":22},"end":{"line":65,"column":3}},"28":{"start":{"line":62,"column":4},"end":{"line":62,"column":23}},"29":{"start":{"line":63,"column":4},"end":{"line":63,"column":24}},"30":{"start":{"line":64,"column":4},"end":{"line":64,"column":25}},"31":{"start":{"line":67,"column":21},"end":{"line":74,"column":3}},"32":{"start":{"line":68,"column":4},"end":{"line":68,"column":24}},"33":{"start":{"line":69,"column":4},"end":{"line":69,"column":18}},"34":{"start":{"line":70,"column":4},"end":{"line":70,"column":19}},"35":{"start":{"line":71,"column":4},"end":{"line":73,"column":5}},"36":{"start":{"line":72,"column":6},"end":{"line":72,"column":34}},"37":{"start":{"line":76,"column":27},"end":{"line":80,"column":3}},"38":{"start":{"line":77,"column":4},"end":{"line":79,"column":5}},"39":{"start":{"line":78,"column":6},"end":{"line":78,"column":31}},"40":{"start":{"line":82,"column":2},"end":{"line":152,"column":4}},"41":{"start":{"line":116,"column":51},"end":{"line":116,"column":97}}},"fnMap":{"0":{"name":"FileSelector","decl":{"start":{"line":13,"column":16},"end":{"line":13,"column":28}},"loc":{"start":{"line":17,"column":22},"end":{"line":153,"column":1}},"line":17},"1":{"name":"(anonymous_1)","decl":{"start":{"line":22,"column":23},"end":{"line":22,"column":24}},"loc":{"start":{"line":22,"column":67},"end":{"line":27,"column":3}},"line":22},"2":{"name":"(anonymous_2)","decl":{"start":{"line":29,"column":22},"end":{"line":29,"column":23}},"loc":{"start":{"line":29,"column":38},"end":{"line":44,"column":3}},"line":29},"3":{"name":"(anonymous_3)","decl":{"start":{"line":30,"column":42},"end":{"line":30,"column":43}},"loc":{"start":{"line":30,"column":50},"end":{"line":35,"column":5}},"line":30},"4":{"name":"(anonymous_4)","decl":{"start":{"line":46,"column":21},"end":{"line":46,"column":22}},"loc":{"start":{"line":46,"column":61},"end":{"line":53,"column":3}},"line":46},"5":{"name":"(anonymous_5)","decl":{"start":{"line":55,"column":21},"end":{"line":55,"column":22}},"loc":{"start":{"line":55,"column":61},"end":{"line":59,"column":3}},"line":55},"6":{"name":"(anonymous_6)","decl":{"start":{"line":61,"column":22},"end":{"line":61,"column":23}},"loc":{"start":{"line":61,"column":62},"end":{"line":65,"column":3}},"line":61},"7":{"name":"(anonymous_7)","decl":{"start":{"line":67,"column":21},"end":{"line":67,"column":22}},"loc":{"start":{"line":67,"column":46},"end":{"line":74,"column":3}},"line":67},"8":{"name":"(anonymous_8)","decl":{"start":{"line":76,"column":27},"end":{"line":76,"column":28}},"loc":{"start":{"line":76,"column":33},"end":{"line":80,"column":3}},"line":76},"9":{"name":"(anonymous_9)","decl":{"start":{"line":116,"column":43},"end":{"line":116,"column":44}},"loc":{"start":{"line":116,"column":51},"end":{"line":116,"column":97}},"line":116}},"branchMap":{"0":{"loc":{"start":{"line":16,"column":2},"end":{"line":16,"column":57}},"type":"default-arg","locations":[{"start":{"line":16,"column":17},"end":{"line":16,"column":57}}],"line":16},"1":{"loc":{"start":{"line":24,"column":4},"end":{"line":26,"column":5}},"type":"if","locations":[{"start":{"line":24,"column":4},"end":{"line":26,"column":5}},{"start":{},"end":{}}],"line":24},"2":{"loc":{"start":{"line":24,"column":8},"end":{"line":24,"column":43}},"type":"binary-expr","locations":[{"start":{"line":24,"column":8},"end":{"line":24,"column":22}},{"start":{"line":24,"column":26},"end":{"line":24,"column":43}}],"line":24},"3":{"loc":{"start":{"line":31,"column":6},"end":{"line":33,"column":7}},"type":"if","locations":[{"start":{"line":31,"column":6},"end":{"line":33,"column":7}},{"start":{},"end":{}}],"line":31},"4":{"loc":{"start":{"line":37,"column":4},"end":{"line":40,"column":5}},"type":"if","locations":[{"start":{"line":37,"column":4},"end":{"line":40,"column":5}},{"start":{},"end":{}}],"line":37},"5":{"loc":{"start":{"line":50,"column":4},"end":{"line":52,"column":5}},"type":"if","locations":[{"start":{"line":50,"column":4},"end":{"line":52,"column":5}},{"start":{},"end":{}}],"line":50},"6":{"loc":{"start":{"line":50,"column":8},"end":{"line":50,"column":55}},"type":"binary-expr","locations":[{"start":{"line":50,"column":8},"end":{"line":50,"column":28}},{"start":{"line":50,"column":32},"end":{"line":50,"column":55}}],"line":50},"7":{"loc":{"start":{"line":71,"column":4},"end":{"line":73,"column":5}},"type":"if","locations":[{"start":{"line":71,"column":4},"end":{"line":73,"column":5}},{"start":{},"end":{}}],"line":71},"8":{"loc":{"start":{"line":77,"column":4},"end":{"line":79,"column":5}},"type":"if","locations":[{"start":{"line":77,"column":4},"end":{"line":79,"column":5}},{"start":{},"end":{}}],"line":77},"9":{"loc":{"start":{"line":88,"column":7},"end":{"line":150,"column":7}},"type":"cond-expr","locations":[{"start":{"line":89,"column":8},"end":{"line":125,"column":14}},{"start":{"line":127,"column":8},"end":{"line":149,"column":14}}],"line":88},"10":{"loc":{"start":{"line":95,"column":14},"end":{"line":97,"column":72}},"type":"cond-expr","locations":[{"start":{"line":96,"column":16},"end":{"line":96,"column":44}},{"start":{"line":97,"column":16},"end":{"line":97,"column":72}}],"line":95},"11":{"loc":{"start":{"line":116,"column":51},"end":{"line":116,"column":97}},"type":"cond-expr","locations":[{"start":{"line":116,"column":73},"end":{"line":116,"column":90}},{"start":{"line":116,"column":93},"end":{"line":116,"column":97}}],"line":116}},"s":{"0":11,"1":11,"2":11,"3":11,"4":4,"5":4,"6":4,"7":11,"8":4,"9":4,"10":0,"11":4,"12":4,"13":1,"14":1,"15":3,"16":3,"17":11,"18":0,"19":0,"20":0,"21":0,"22":0,"23":11,"24":1,"25":1,"26":1,"27":11,"28":0,"29":0,"30":0,"31":11,"32":1,"33":1,"34":1,"35":1,"36":0,"37":11,"38":0,"39":0,"40":11,"41":22},"f":{"0":11,"1":4,"2":4,"3":4,"4":0,"5":1,"6":0,"7":1,"8":0,"9":22},"b":{"0":[10],"1":[4,0],"2":[4,4],"3":[0,4],"4":[1,3],"5":[0,0],"6":[0,0],"7":[0,1],"8":[0,0],"9":[8,3],"10":[1,7],"11":[14,8]},"_coverageSchema":"1a1c01bbd47fc00a2c39e90264f33305004495a9","hash":"a364386686c0689b1e7e7a7d87d63ad11326354e"}
,"/home/maxi/Documentos/source/codecrypto/practice/documentSignStorage/web/src/components/SignerAddressInput.tsx": {"path":"/home/maxi/Documentos/source/codecrypto/practice/documentSignStorage/web/src/components/SignerAddressInput.tsx","statementMap":{"0":{"start":{"line":15,"column":2},"end":{"line":15,"column":35}},"1":{"start":{"line":19,"column":32},"end":{"line":19,"column":52}},"2":{"start":{"line":20,"column":40},"end":{"line":20,"column":55}},"3":{"start":{"line":21,"column":28},"end":{"line":21,"column":57}},"4":{"start":{"line":22,"column":32},"end":{"line":22,"column":47}},"5":{"start":{"line":23,"column":48},"end":{"line":23,"column":70}},"6":{"start":{"line":27,"column":2},"end":{"line":36,"column":9}},"7":{"start":{"line":28,"column":18},"end":{"line":28,"column":63}},"8":{"start":{"line":29,"column":4},"end":{"line":35,"column":5}},"9":{"start":{"line":30,"column":6},"end":{"line":34,"column":7}},"10":{"start":{"line":31,"column":8},"end":{"line":31,"column":46}},"11":{"start":{"line":39,"column":2},"end":{"line":45,"column":31}},"12":{"start":{"line":40,"column":4},"end":{"line":44,"column":5}},"13":{"start":{"line":41,"column":22},"end":{"line":41,"column":61}},"14":{"start":{"line":42,"column":6},"end":{"line":42,"column":34}},"15":{"start":{"line":43,"column":6},"end":{"line":43,"column":77}},"16":{"start":{"line":49,"column":30},"end":{"line":56,"column":3}},"17":{"start":{"line":50,"column":21},"end":{"line":50,"column":35}},"18":{"start":{"line":51,"column":4},"end":{"line":51,"column":23}},"19":{"start":{"line":53,"column":4},"end":{"line":55,"column":5}},"20":{"start":{"line":54,"column":6},"end":{"line":54,"column":21}},"21":{"start":{"line":58,"column":21},"end":{"line":78,"column":3}},"22":{"start":{"line":59,"column":4},"end":{"line":59,"column":63}},"23":{"start":{"line":59,"column":56},"end":{"line":59,"column":63}},"24":{"start":{"line":61,"column":4},"end":{"line":61,"column":25}},"25":{"start":{"line":62,"column":4},"end":{"line":62,"column":19}},"26":{"start":{"line":64,"column":4},"end":{"line":77,"column":5}},"27":{"start":{"line":67,"column":6},"end":{"line":67,"column":62}},"28":{"start":{"line":67,"column":35},"end":{"line":67,"column":60}},"29":{"start":{"line":70,"column":30},"end":{"line":70,"column":51}},"30":{"start":{"line":71,"column":6},"end":{"line":71,"column":24}},"31":{"start":{"line":72,"column":6},"end":{"line":72,"column":32}},"32":{"start":{"line":74,"column":6},"end":{"line":74,"column":45}},"33":{"start":{"line":76,"column":6},"end":{"line":76,"column":28}},"34":{"start":{"line":80,"column":27},"end":{"line":82,"column":3}},"35":{"start":{"line":81,"column":4},"end":{"line":81,"column":22}},"36":{"start":{"line":84,"column":21},"end":{"line":88,"column":3}},"37":{"start":{"line":85,"column":4},"end":{"line":85,"column":17}},"38":{"start":{"line":86,"column":4},"end":{"line":86,"column":19}},"39":{"start":{"line":87,"column":4},"end":{"line":87,"column":19}},"40":{"start":{"line":90,"column":2},"end":{"line":184,"column":4}},"41":{"start":{"line":172,"column":14},"end":{"line":178,"column":23}},"42":{"start":{"line":174,"column":31},"end":{"line":174,"column":53}}},"fnMap":{"0":{"name":"isString","decl":{"start":{"line":14,"column":9},"end":{"line":14,"column":17}},"loc":{"start":{"line":14,"column":47},"end":{"line":16,"column":1}},"line":14},"1":{"name":"SignerAddressInput","decl":{"start":{"line":18,"column":16},"end":{"line":18,"column":34}},"loc":{"start":{"line":18,"column":81},"end":{"line":185,"column":1}},"line":18},"2":{"name":"(anonymous_2)","decl":{"start":{"line":27,"column":12},"end":{"line":27,"column":13}},"loc":{"start":{"line":27,"column":18},"end":{"line":36,"column":3}},"line":27},"3":{"name":"(anonymous_3)","decl":{"start":{"line":39,"column":12},"end":{"line":39,"column":13}},"loc":{"start":{"line":39,"column":18},"end":{"line":45,"column":3}},"line":39},"4":{"name":"(anonymous_4)","decl":{"start":{"line":49,"column":30},"end":{"line":49,"column":31}},"loc":{"start":{"line":49,"column":74},"end":{"line":56,"column":3}},"line":49},"5":{"name":"(anonymous_5)","decl":{"start":{"line":58,"column":21},"end":{"line":58,"column":22}},"loc":{"start":{"line":58,"column":33},"end":{"line":78,"column":3}},"line":58},"6":{"name":"(anonymous_6)","decl":{"start":{"line":67,"column":24},"end":{"line":67,"column":25}},"loc":{"start":{"line":67,"column":35},"end":{"line":67,"column":60}},"line":67},"7":{"name":"(anonymous_7)","decl":{"start":{"line":80,"column":27},"end":{"line":80,"column":28}},"loc":{"start":{"line":80,"column":48},"end":{"line":82,"column":3}},"line":80},"8":{"name":"(anonymous_8)","decl":{"start":{"line":84,"column":21},"end":{"line":84,"column":22}},"loc":{"start":{"line":84,"column":27},"end":{"line":88,"column":3}},"line":84},"9":{"name":"(anonymous_9)","decl":{"start":{"line":171,"column":33},"end":{"line":171,"column":34}},"loc":{"start":{"line":172,"column":14},"end":{"line":178,"column":23}},"line":172},"10":{"name":"(anonymous_10)","decl":{"start":{"line":174,"column":25},"end":{"line":174,"column":26}},"loc":{"start":{"line":174,"column":31},"end":{"line":174,"column":53}},"line":174}},"branchMap":{"0":{"loc":{"start":{"line":29,"column":4},"end":{"line":35,"column":5}},"type":"if","locations":[{"start":{"line":29,"column":4},"end":{"line":35,"column":5}},{"start":{},"end":{}}],"line":29},"1":{"loc":{"start":{"line":40,"column":4},"end":{"line":44,"column":5}},"type":"if","locations":[{"start":{"line":40,"column":4},"end":{"line":44,"column":5}},{"start":{},"end":{}}],"line":40},"2":{"loc":{"start":{"line":40,"column":8},"end":{"line":40,"column":67}},"type":"binary-expr","locations":[{"start":{"line":40,"column":8},"end":{"line":40,"column":31}},{"start":{"line":40,"column":35},"end":{"line":40,"column":67}}],"line":40},"3":{"loc":{"start":{"line":53,"column":4},"end":{"line":55,"column":5}},"type":"if","locations":[{"start":{"line":53,"column":4},"end":{"line":55,"column":5}},{"start":{},"end":{}}],"line":53},"4":{"loc":{"start":{"line":53,"column":8},"end":{"line":53,"column":43}},"type":"binary-expr","locations":[{"start":{"line":53,"column":8},"end":{"line":53,"column":16}},{"start":{"line":53,"column":20},"end":{"line":53,"column":43}}],"line":53},"5":{"loc":{"start":{"line":59,"column":4},"end":{"line":59,"column":63}},"type":"if","locations":[{"start":{"line":59,"column":4},"end":{"line":59,"column":63}},{"start":{},"end":{}}],"line":59},"6":{"loc":{"start":{"line":59,"column":8},"end":{"line":59,"column":54}},"type":"binary-expr","locations":[{"start":{"line":59,"column":8},"end":{"line":59,"column":28}},{"start":{"line":59,"column":32},"end":{"line":59,"column":54}}],"line":59},"7":{"loc":{"start":{"line":107,"column":16},"end":{"line":111,"column":79}},"type":"cond-expr","locations":[{"start":{"line":108,"column":18},"end":{"line":110,"column":76}},{"start":{"line":111,"column":20},"end":{"line":111,"column":79}}],"line":107},"8":{"loc":{"start":{"line":108,"column":18},"end":{"line":110,"column":76}},"type":"cond-expr","locations":[{"start":{"line":109,"column":20},"end":{"line":109,"column":82}},{"start":{"line":110,"column":20},"end":{"line":110,"column":76}}],"line":108},"9":{"loc":{"start":{"line":114,"column":13},"end":{"line":121,"column":13}},"type":"binary-expr","locations":[{"start":{"line":114,"column":13},"end":{"line":114,"column":18}},{"start":{"line":115,"column":14},"end":{"line":120,"column":23}}],"line":114},"10":{"loc":{"start":{"line":124,"column":11},"end":{"line":137,"column":11}},"type":"binary-expr","locations":[{"start":{"line":124,"column":11},"end":{"line":124,"column":16}},{"start":{"line":124,"column":20},"end":{"line":124,"column":39}},{"start":{"line":124,"column":43},"end":{"line":124,"column":66}},{"start":{"line":124,"column":70},"end":{"line":124,"column":78}},{"start":{"line":125,"column":12},"end":{"line":136,"column":21}}],"line":124},"11":{"loc":{"start":{"line":131,"column":15},"end":{"line":135,"column":15}},"type":"cond-expr","locations":[{"start":{"line":132,"column":16},"end":{"line":132,"column":66}},{"start":{"line":134,"column":16},"end":{"line":134,"column":53}}],"line":131},"12":{"loc":{"start":{"line":139,"column":11},"end":{"line":141,"column":11}},"type":"binary-expr","locations":[{"start":{"line":139,"column":11},"end":{"line":139,"column":18}},{"start":{"line":139,"column":22},"end":{"line":139,"column":34}},{"start":{"line":139,"column":38},"end":{"line":139,"column":46}},{"start":{"line":140,"column":12},"end":{"line":140,"column":66}}],"line":139},"13":{"loc":{"start":{"line":143,"column":11},"end":{"line":145,"column":11}},"type":"binary-expr","locations":[{"start":{"line":143,"column":11},"end":{"line":143,"column":19}},{"start":{"line":143,"column":23},"end":{"line":143,"column":35}},{"start":{"line":143,"column":39},"end":{"line":143,"column":44}},{"start":{"line":143,"column":48},"end":{"line":143,"column":56}},{"start":{"line":143,"column":60},"end":{"line":143,"column":79}},{"start":{"line":143,"column":83},"end":{"line":143,"column":106}},{"start":{"line":144,"column":12},"end":{"line":144,"column":70}}],"line":143},"14":{"loc":{"start":{"line":148,"column":9},"end":{"line":153,"column":9}},"type":"binary-expr","locations":[{"start":{"line":148,"column":9},"end":{"line":148,"column":14}},{"start":{"line":148,"column":18},"end":{"line":148,"column":30}},{"start":{"line":149,"column":10},"end":{"line":152,"column":14}}],"line":148},"15":{"loc":{"start":{"line":155,"column":9},"end":{"line":164,"column":9}},"type":"binary-expr","locations":[{"start":{"line":155,"column":9},"end":{"line":155,"column":16}},{"start":{"line":156,"column":10},"end":{"line":163,"column":16}}],"line":155},"16":{"loc":{"start":{"line":167,"column":7},"end":{"line":182,"column":7}},"type":"binary-expr","locations":[{"start":{"line":167,"column":7},"end":{"line":167,"column":33}},{"start":{"line":167,"column":37},"end":{"line":167,"column":45}},{"start":{"line":168,"column":8},"end":{"line":181,"column":14}}],"line":167}},"s":{"0":0,"1":5,"2":5,"3":5,"4":5,"5":5,"6":5,"7":5,"8":5,"9":0,"10":0,"11":5,"12":5,"13":0,"14":0,"15":0,"16":5,"17":3,"18":3,"19":3,"20":2,"21":5,"22":0,"23":0,"24":0,"25":0,"26":0,"27":0,"28":0,"29":0,"30":0,"31":0,"32":0,"33":0,"34":5,"35":0,"36":5,"37":0,"38":0,"39":0,"40":5,"41":0,"42":0},"f":{"0":0,"1":5,"2":5,"3":5,"4":3,"5":0,"6":0,"7":0,"8":0,"9":0,"10":0},"b":{"0":[0,5],"1":[0,5],"2":[5,0],"3":[2,1],"4":[3,3],"5":[0,0],"6":[0,0],"7":[1,4],"8":[0,1],"9":[5,1],"10":[5,1,0,0,0],"11":[0,0],"12":[5,0,0,0],"13":[5,5,5,1,1,0,0],"14":[5,0,0],"15":[5,0],"16":[5,0,0]},"_coverageSchema":"1a1c01bbd47fc00a2c39e90264f33305004495a9","hash":"fd71181b9a10637e609e2af06a941796162e4184"}
,"/home/maxi/Documentos/source/codecrypto/practice/documentSignStorage/web/src/hooks/useFileHash.ts": {"path":"/home/maxi/Documentos/source/codecrypto/practice/documentSignStorage/web/src/hooks/useFileHash.ts","statementMap":{"0":{"start":{"line":5,"column":27},"end":{"line":46,"column":1}},"1":{"start":{"line":6,"column":34},"end":{"line":6,"column":54}},"2":{"start":{"line":7,"column":36},"end":{"line":7,"column":60}},"3":{"start":{"line":8,"column":28},"end":{"line":8,"column":57}},"4":{"start":{"line":10,"column":19},"end":{"line":32,"column":3}},"5":{"start":{"line":11,"column":4},"end":{"line":13,"column":5}},"6":{"start":{"line":12,"column":6},"end":{"line":12,"column":42}},"7":{"start":{"line":15,"column":4},"end":{"line":31,"column":5}},"8":{"start":{"line":16,"column":6},"end":{"line":16,"column":25}},"9":{"start":{"line":17,"column":6},"end":{"line":17,"column":21}},"10":{"start":{"line":21,"column":23},"end":{"line":21,"column":58}},"11":{"start":{"line":23,"column":6},"end":{"line":23,"column":28}},"12":{"start":{"line":24,"column":6},"end":{"line":24,"column":22}},"13":{"start":{"line":26,"column":27},"end":{"line":26,"column":79}},"14":{"start":{"line":27,"column":6},"end":{"line":27,"column":29}},"15":{"start":{"line":28,"column":6},"end":{"line":28,"column":16}},"16":{"start":{"line":30,"column":6},"end":{"line":30,"column":26}},"17":{"start":{"line":34,"column":20},"end":{"line":37,"column":3}},"18":{"start":{"line":35,"column":4},"end":{"line":35,"column":20}},"19":{"start":{"line":36,"column":4},"end":{"line":36,"column":19}},"20":{"start":{"line":39,"column":2},"end":{"line":45,"column":4}}},"fnMap":{"0":{"name":"(anonymous_0)","decl":{"start":{"line":5,"column":27},"end":{"line":5,"column":28}},"loc":{"start":{"line":5,"column":33},"end":{"line":46,"column":1}},"line":5},"1":{"name":"(anonymous_1)","decl":{"start":{"line":10,"column":19},"end":{"line":10,"column":20}},"loc":{"start":{"line":10,"column":58},"end":{"line":32,"column":3}},"line":10},"2":{"name":"(anonymous_2)","decl":{"start":{"line":34,"column":20},"end":{"line":34,"column":21}},"loc":{"start":{"line":34,"column":26},"end":{"line":37,"column":3}},"line":34}},"branchMap":{"0":{"loc":{"start":{"line":11,"column":4},"end":{"line":13,"column":5}},"type":"if","locations":[{"start":{"line":11,"column":4},"end":{"line":13,"column":5}},{"start":{},"end":{}}],"line":11},"1":{"loc":{"start":{"line":26,"column":27},"end":{"line":26,"column":79}},"type":"cond-expr","locations":[{"start":{"line":26,"column":50},"end":{"line":26,"column":61}},{"start":{"line":26,"column":64},"end":{"line":26,"column":79}}],"line":26}},"s":{"0":1,"1":6,"2":6,"3":6,"4":6,"5":3,"6":1,"7":2,"8":2,"9":2,"10":2,"11":2,"12":2,"13":0,"14":0,"15":0,"16":2,"17":6,"18":1,"19":1,"20":6},"f":{"0":6,"1":3,"2":1},"b":{"0":[1,2],"1":[0,0]},"_coverageSchema":"1a1c01bbd47fc00a2c39e90264f33305004495a9","hash":"e75b023830bcad224d7aeaa74efcbb9e6c7bef31"}
,"/home/maxi/Documentos/source/codecrypto/practice/documentSignStorage/web/src/lib/contract.ts": {"path":"/home/maxi/Documentos/source/codecrypto/practice/documentSignStorage/web/src/lib/contract.ts","statementMap":{"0":{"start":{"line":7,"column":25},"end":{"line":7,"column":69}},"1":{"start":{"line":10,"column":21},"end":{"line":15,"column":1}},"2":{"start":{"line":24,"column":27},"end":{"line":139,"column":1}},"3":{"start":{"line":25,"column":34},"end":{"line":25,"column":72}},"4":{"start":{"line":26,"column":44},"end":{"line":26,"column":64}},"5":{"start":{"line":27,"column":36},"end":{"line":27,"column":50}},"6":{"start":{"line":28,"column":28},"end":{"line":28,"column":57}},"7":{"start":{"line":30,"column":2},"end":{"line":75,"column":9}},"8":{"start":{"line":31,"column":31},"end":{"line":72,"column":5}},"9":{"start":{"line":32,"column":6},"end":{"line":71,"column":7}},"10":{"start":{"line":33,"column":8},"end":{"line":33,"column":27}},"11":{"start":{"line":34,"column":8},"end":{"line":34,"column":23}},"12":{"start":{"line":37,"column":8},"end":{"line":65,"column":9}},"13":{"start":{"line":39,"column":27},"end":{"line":39,"column":79}},"14":{"start":{"line":40,"column":25},"end":{"line":40,"column":51}},"15":{"start":{"line":43,"column":35},"end":{"line":47,"column":11}},"16":{"start":{"line":49,"column":10},"end":{"line":49,"column":40}},"17":{"start":{"line":50,"column":10},"end":{"line":50,"column":54}},"18":{"start":{"line":53,"column":27},"end":{"line":53,"column":78}},"19":{"start":{"line":55,"column":25},"end":{"line":55,"column":52}},"20":{"start":{"line":57,"column":35},"end":{"line":61,"column":11}},"21":{"start":{"line":63,"column":10},"end":{"line":63,"column":40}},"22":{"start":{"line":64,"column":10},"end":{"line":64,"column":54}},"23":{"start":{"line":67,"column":8},"end":{"line":67,"column":61}},"24":{"start":{"line":68,"column":8},"end":{"line":68,"column":71}},"25":{"start":{"line":70,"column":8},"end":{"line":70,"column":28}},"26":{"start":{"line":74,"column":4},"end":{"line":74,"column":25}},"27":{"start":{"line":77,"column":27},"end":{"line":88,"column":3}},"28":{"start":{"line":78,"column":4},"end":{"line":78,"column":63}},"29":{"start":{"line":78,"column":19},"end":{"line":78,"column":63}},"30":{"start":{"line":80,"column":4},"end":{"line":87,"column":5}},"31":{"start":{"line":81,"column":17},"end":{"line":81,"column":76}},"32":{"start":{"line":82,"column":6},"end":{"line":82,"column":22}},"33":{"start":{"line":83,"column":6},"end":{"line":83,"column":18}},"34":{"start":{"line":85,"column":6},"end":{"line":85,"column":56}},"35":{"start":{"line":86,"column":6},"end":{"line":86,"column":16}},"36":{"start":{"line":90,"column":26},"end":{"line":105,"column":3}},"37":{"start":{"line":91,"column":4},"end":{"line":91,"column":63}},"38":{"start":{"line":91,"column":19},"end":{"line":91,"column":63}},"39":{"start":{"line":93,"column":4},"end":{"line":104,"column":5}},"40":{"start":{"line":94,"column":19},"end":{"line":94,"column":63}},"41":{"start":{"line":95,"column":6},"end":{"line":100,"column":8}},"42":{"start":{"line":102,"column":6},"end":{"line":102,"column":57}},"43":{"start":{"line":103,"column":6},"end":{"line":103,"column":18}},"44":{"start":{"line":107,"column":25},"end":{"line":116,"column":3}},"45":{"start":{"line":108,"column":4},"end":{"line":108,"column":63}},"46":{"start":{"line":108,"column":19},"end":{"line":108,"column":63}},"47":{"start":{"line":110,"column":4},"end":{"line":115,"column":5}},"48":{"start":{"line":111,"column":6},"end":{"line":111,"column":57}},"49":{"start":{"line":113,"column":6},"end":{"line":113,"column":54}},"50":{"start":{"line":114,"column":6},"end":{"line":114,"column":19}},"51":{"start":{"line":118,"column":27},"end":{"line":127,"column":3}},"52":{"start":{"line":119,"column":4},"end":{"line":119,"column":63}},"53":{"start":{"line":119,"column":19},"end":{"line":119,"column":63}},"54":{"start":{"line":121,"column":4},"end":{"line":126,"column":5}},"55":{"start":{"line":122,"column":6},"end":{"line":122,"column":40}},"56":{"start":{"line":124,"column":6},"end":{"line":124,"column":58}},"57":{"start":{"line":125,"column":6},"end":{"line":125,"column":16}},"58":{"start":{"line":129,"column":2},"end":{"line":138,"column":4}}},"fnMap":{"0":{"name":"(anonymous_0)","decl":{"start":{"line":24,"column":27},"end":{"line":24,"column":28}},"loc":{"start":{"line":24,"column":33},"end":{"line":139,"column":1}},"line":24},"1":{"name":"(anonymous_1)","decl":{"start":{"line":30,"column":12},"end":{"line":30,"column":13}},"loc":{"start":{"line":30,"column":18},"end":{"line":75,"column":3}},"line":30},"2":{"name":"(anonymous_2)","decl":{"start":{"line":31,"column":31},"end":{"line":31,"column":32}},"loc":{"start":{"line":31,"column":43},"end":{"line":72,"column":5}},"line":31},"3":{"name":"(anonymous_3)","decl":{"start":{"line":77,"column":27},"end":{"line":77,"column":28}},"loc":{"start":{"line":77,"column":99},"end":{"line":88,"column":3}},"line":77},"4":{"name":"(anonymous_4)","decl":{"start":{"line":90,"column":26},"end":{"line":90,"column":27}},"loc":{"start":{"line":90,"column":88},"end":{"line":105,"column":3}},"line":90},"5":{"name":"(anonymous_5)","decl":{"start":{"line":107,"column":25},"end":{"line":107,"column":26}},"loc":{"start":{"line":107,"column":75},"end":{"line":116,"column":3}},"line":107},"6":{"name":"(anonymous_6)","decl":{"start":{"line":118,"column":27},"end":{"line":118,"column":28}},"loc":{"start":{"line":118,"column":56},"end":{"line":127,"column":3}},"line":118}},"branchMap":{"0":{"loc":{"start":{"line":37,"column":8},"end":{"line":65,"column":9}},"type":"if","locations":[{"start":{"line":37,"column":8},"end":{"line":65,"column":9}},{"start":{"line":51,"column":15},"end":{"line":65,"column":9}}],"line":37},"1":{"loc":{"start":{"line":37,"column":12},"end":{"line":37,"column":69}},"type":"binary-expr","locations":[{"start":{"line":37,"column":12},"end":{"line":37,"column":41}},{"start":{"line":37,"column":45},"end":{"line":37,"column":69}}],"line":37},"2":{"loc":{"start":{"line":68,"column":17},"end":{"line":68,"column":69}},"type":"cond-expr","locations":[{"start":{"line":68,"column":40},"end":{"line":68,"column":51}},{"start":{"line":68,"column":54},"end":{"line":68,"column":69}}],"line":68},"3":{"loc":{"start":{"line":78,"column":4},"end":{"line":78,"column":63}},"type":"if","locations":[{"start":{"line":78,"column":4},"end":{"line":78,"column":63}},{"start":{},"end":{}}],"line":78},"4":{"loc":{"start":{"line":91,"column":4},"end":{"line":91,"column":63}},"type":"if","locations":[{"start":{"line":91,"column":4},"end":{"line":91,"column":63}},{"start":{},"end":{}}],"line":91},"5":{"loc":{"start":{"line":108,"column":4},"end":{"line":108,"column":63}},"type":"if","locations":[{"start":{"line":108,"column":4},"end":{"line":108,"column":63}},{"start":{},"end":{}}],"line":108},"6":{"loc":{"start":{"line":119,"column":4},"end":{"line":119,"column":63}},"type":"if","locations":[{"start":{"line":119,"column":4},"end":{"line":119,"column":63}},{"start":{},"end":{}}],"line":119}},"s":{"0":1,"1":1,"2":1,"3":4,"4":4,"5":4,"6":4,"7":4,"8":2,"9":2,"10":2,"11":2,"12":2,"13":1,"14":1,"15":0,"16":0,"17":0,"18":1,"19":1,"20":0,"21":0,"22":0,"23":2,"24":2,"25":2,"26":2,"27":4,"28":0,"29":0,"30":0,"31":0,"32":0,"33":0,"34":0,"35":0,"36":4,"37":0,"38":0,"39":0,"40":0,"41":0,"42":0,"43":0,"44":4,"45":0,"46":0,"47":0,"48":0,"49":0,"50":0,"51":4,"52":0,"53":0,"54":0,"55":0,"56":0,"57":0,"58":4},"f":{"0":4,"1":2,"2":2,"3":0,"4":0,"5":0,"6":0},"b":{"0":[1,1],"1":[2,2],"2":[2,0],"3":[0,0],"4":[0,0],"5":[0,0],"6":[0,0]},"_coverageSchema":"1a1c01bbd47fc00a2c39e90264f33305004495a9","hash":"37b2b3cdd7325667d0eebd21218619156003b40a"}
}
