TN:
SF:src/components/FileSelector.tsx
FN:13,FileSelector
FN:22,(anonymous_1)
FN:29,(anonymous_2)
FN:30,(anonymous_3)
FN:46,(anonymous_4)
FN:55,(anonymous_5)
FN:61,(anonymous_6)
FN:67,(anonymous_7)
FN:76,(anonymous_8)
FN:116,(anonymous_9)
FNF:10
FNH:7
FNDA:11,FileSelector
FNDA:4,(anonymous_1)
FNDA:4,(anonymous_2)
FNDA:4,(anonymous_3)
FNDA:0,(anonymous_4)
FNDA:1,(anonymous_5)
FNDA:0,(anonymous_6)
FNDA:1,(anonymous_7)
FNDA:0,(anonymous_8)
FNDA:22,(anonymous_9)
DA:18,11
DA:19,11
DA:20,11
DA:22,11
DA:23,4
DA:24,4
DA:25,4
DA:29,11
DA:30,4
DA:31,4
DA:32,0
DA:34,4
DA:37,4
DA:38,1
DA:39,1
DA:42,3
DA:43,3
DA:46,11
DA:47,0
DA:48,0
DA:49,0
DA:50,0
DA:51,0
DA:55,11
DA:56,1
DA:57,1
DA:58,1
DA:61,11
DA:62,0
DA:63,0
DA:64,0
DA:67,11
DA:68,1
DA:69,1
DA:70,1
DA:71,1
DA:72,0
DA:76,11
DA:77,0
DA:78,0
DA:82,11
DA:116,22
LF:42
LH:30
BRDA:16,0,0,10
BRDA:24,1,0,4
BRDA:24,1,1,0
BRDA:24,2,0,4
BRDA:24,2,1,4
BRDA:31,3,0,0
BRDA:31,3,1,4
BRDA:37,4,0,1
BRDA:37,4,1,3
BRDA:50,5,0,0
BRDA:50,5,1,0
BRDA:50,6,0,0
BRDA:50,6,1,0
BRDA:71,7,0,0
BRDA:71,7,1,1
BRDA:77,8,0,0
BRDA:77,8,1,0
BRDA:88,9,0,8
BRDA:88,9,1,3
BRDA:95,10,0,1
BRDA:95,10,1,7
BRDA:116,11,0,14
BRDA:116,11,1,8
BRF:23
BRH:14
end_of_record
TN:
SF:src/components/SignerAddressInput.tsx
FN:14,isString
FN:18,SignerAddressInput
FN:27,(anonymous_2)
FN:39,(anonymous_3)
FN:49,(anonymous_4)
FN:58,(anonymous_5)
FN:67,(anonymous_6)
FN:80,(anonymous_7)
FN:84,(anonymous_8)
FN:171,(anonymous_9)
FN:174,(anonymous_10)
FNF:11
FNH:4
FNDA:0,isString
FNDA:5,SignerAddressInput
FNDA:5,(anonymous_2)
FNDA:5,(anonymous_3)
FNDA:3,(anonymous_4)
FNDA:0,(anonymous_5)
FNDA:0,(anonymous_6)
FNDA:0,(anonymous_7)
FNDA:0,(anonymous_8)
FNDA:0,(anonymous_9)
FNDA:0,(anonymous_10)
DA:15,0
DA:19,5
DA:20,5
DA:21,5
DA:22,5
DA:23,5
DA:27,5
DA:28,5
DA:29,5
DA:30,0
DA:31,0
DA:39,5
DA:40,5
DA:41,0
DA:42,0
DA:43,0
DA:49,5
DA:50,3
DA:51,3
DA:53,3
DA:54,2
DA:58,5
DA:59,0
DA:61,0
DA:62,0
DA:64,0
DA:67,0
DA:70,0
DA:71,0
DA:72,0
DA:74,0
DA:76,0
DA:80,5
DA:81,0
DA:84,5
DA:85,0
DA:86,0
DA:87,0
DA:90,5
DA:172,0
DA:174,0
LF:41
LH:19
BRDA:29,0,0,0
BRDA:29,0,1,5
BRDA:40,1,0,0
BRDA:40,1,1,5
BRDA:40,2,0,5
BRDA:40,2,1,0
BRDA:53,3,0,2
BRDA:53,3,1,1
BRDA:53,4,0,3
BRDA:53,4,1,3
BRDA:59,5,0,0
BRDA:59,5,1,0
BRDA:59,6,0,0
BRDA:59,6,1,0
BRDA:107,7,0,1
BRDA:107,7,1,4
BRDA:108,8,0,0
BRDA:108,8,1,1
BRDA:114,9,0,5
BRDA:114,9,1,1
BRDA:124,10,0,5
BRDA:124,10,1,1
BRDA:124,10,2,0
BRDA:124,10,3,0
BRDA:124,10,4,0
BRDA:131,11,0,0
BRDA:131,11,1,0
BRDA:139,12,0,5
BRDA:139,12,1,0
BRDA:139,12,2,0
BRDA:139,12,3,0
BRDA:143,13,0,5
BRDA:143,13,1,5
BRDA:143,13,2,5
BRDA:143,13,3,1
BRDA:143,13,4,1
BRDA:143,13,5,0
BRDA:143,13,6,0
BRDA:148,14,0,5
BRDA:148,14,1,0
BRDA:148,14,2,0
BRDA:155,15,0,5
BRDA:155,15,1,0
BRDA:167,16,0,5
BRDA:167,16,1,0
BRDA:167,16,2,0
BRF:46
BRH:23
end_of_record
TN:
SF:src/hooks/useFileHash.ts
FN:5,(anonymous_0)
FN:10,(anonymous_1)
FN:34,(anonymous_2)
FNF:3
FNH:3
FNDA:6,(anonymous_0)
FNDA:3,(anonymous_1)
FNDA:1,(anonymous_2)
DA:5,1
DA:6,6
DA:7,6
DA:8,6
DA:10,6
DA:11,3
DA:12,1
DA:15,2
DA:16,2
DA:17,2
DA:21,2
DA:23,2
DA:24,2
DA:26,0
DA:27,0
DA:28,0
DA:30,2
DA:34,6
DA:35,1
DA:36,1
DA:39,6
LF:21
LH:18
BRDA:11,0,0,1
BRDA:11,0,1,2
BRDA:26,1,0,0
BRDA:26,1,1,0
BRF:4
BRH:2
end_of_record
TN:
SF:src/lib/contract.ts
FN:24,(anonymous_0)
FN:30,(anonymous_1)
FN:31,(anonymous_2)
FN:77,(anonymous_3)
FN:90,(anonymous_4)
FN:107,(anonymous_5)
FN:118,(anonymous_6)
FNF:7
FNH:3
FNDA:4,(anonymous_0)
FNDA:2,(anonymous_1)
FNDA:2,(anonymous_2)
FNDA:0,(anonymous_3)
FNDA:0,(anonymous_4)
FNDA:0,(anonymous_5)
FNDA:0,(anonymous_6)
DA:7,1
DA:10,1
DA:24,1
DA:25,4
DA:26,4
DA:27,4
DA:28,4
DA:30,4
DA:31,2
DA:32,2
DA:33,2
DA:34,2
DA:37,2
DA:39,1
DA:40,1
DA:43,0
DA:49,0
DA:50,0
DA:53,1
DA:55,1
DA:57,0
DA:63,0
DA:64,0
DA:67,2
DA:68,2
DA:70,2
DA:74,2
DA:77,4
DA:78,0
DA:80,0
DA:81,0
DA:82,0
DA:83,0
DA:85,0
DA:86,0
DA:90,4
DA:91,0
DA:93,0
DA:94,0
DA:95,0
DA:102,0
DA:103,0
DA:107,4
DA:108,0
DA:110,0
DA:111,0
DA:113,0
DA:114,0
DA:118,4
DA:119,0
DA:121,0
DA:122,0
DA:124,0
DA:125,0
DA:129,4
LF:55
LH:26
BRDA:37,0,0,1
BRDA:37,0,1,1
BRDA:37,1,0,2
BRDA:37,1,1,2
BRDA:68,2,0,2
BRDA:68,2,1,0
BRDA:78,3,0,0
BRDA:78,3,1,0
BRDA:91,4,0,0
BRDA:91,4,1,0
BRDA:108,5,0,0
BRDA:108,5,1,0
BRDA:119,6,0,0
BRDA:119,6,1,0
BRF:14
BRH:5
end_of_record
